2020-01-12 12:55:02,327 [Worker-6: Loading available Gradle versions] INFO  o.e.b.c.i.u.g.PublishedGradleVersions - Gradle version information cache is out-of-date. Trying to update.
2020-01-12 13:00:41,450 [Worker-0: Loading available Gradle versions] INFO  o.e.b.c.i.u.g.PublishedGradleVersions - Gradle version information cache is up-to-date. Trying to read.
2020-01-22 22:44:35,412 [Worker-5: Loading available Gradle versions] INFO  o.e.b.c.i.u.g.PublishedGradleVersions - Gradle version information cache is up-to-date. Trying to read.
2020-01-23 21:32:09,237 [Worker-6: Loading available Gradle versions] INFO  o.e.b.c.i.u.g.PublishedGradleVersions - Gradle version information cache is up-to-date. Trying to read.
2020-01-23 21:44:37,173 [Worker-0: Loading available Gradle versions] INFO  o.e.b.c.i.u.g.PublishedGradleVersions - Gradle version information cache is up-to-date. Trying to read.
2020-01-23 22:32:06,221 [Worker-1: Loading available Gradle versions] INFO  o.e.b.c.i.u.g.PublishedGradleVersions - Gradle version information cache is out-of-date. Trying to update.
2020-01-27 19:49:16,207 [Worker-5: Loading available Gradle versions] INFO  o.e.b.c.i.u.g.PublishedGradleVersions - Gradle version information cache is out-of-date. Trying to update.
2020-01-27 19:59:29,715 [Worker-17: Loading available Gradle versions] INFO  o.e.b.c.i.u.g.PublishedGradleVersions - Gradle version information cache is up-to-date. Trying to read.
2020-01-27 20:00:01,403 [Worker-3: Loading available Gradle versions] INFO  o.e.b.c.i.u.g.PublishedGradleVersions - Gradle version information cache is up-to-date. Trying to read.
2020-01-30 01:17:38,991 [Worker-4: Loading available Gradle versions] INFO  o.e.b.c.i.u.g.PublishedGradleVersions - Gradle version information cache is out-of-date. Trying to update.
2020-01-30 01:23:59,858 [Worker-11: Enabling Maven Dependency Management] INFO  o.e.m.c.i.l.LifecycleMappingFactory - Using org.eclipse.m2e.jdt.JarLifecycleMapping lifecycle mapping for MavenProject: JUnitLab:JUnitLab:0.0.1-SNAPSHOT @ C:\Users\eatan\Desktop\Biz School\YEAR 2 SPRING 2020\Java II\Eclipse-Files\JUnitLab\pom.xml.
2020-01-30 01:24:00,635 [Worker-11: Enabling Maven Dependency Management] INFO  o.e.m.c.i.e.AbstractTransferListenerAdapter - Downloading https://repo.maven.apache.org/maven2/org/apache/maven/plugins/maven-surefire-plugin/2.12.4/maven-surefire-plugin-2.12.4.pom
2020-01-30 01:24:00,682 [Worker-11: Enabling Maven Dependency Management] INFO  o.e.m.c.i.e.AbstractTransferListenerAdapter - Downloaded https://repo.maven.apache.org/maven2/org/apache/maven/plugins/maven-surefire-plugin/2.12.4/maven-surefire-plugin-2.12.4.pom
2020-01-30 01:24:00,715 [Worker-11: Enabling Maven Dependency Management] INFO  o.e.m.c.i.e.AbstractTransferListenerAdapter - Downloading https://repo.maven.apache.org/maven2/org/apache/maven/surefire/surefire/2.12.4/surefire-2.12.4.pom
2020-01-30 01:24:00,747 [Worker-11: Enabling Maven Dependency Management] INFO  o.e.m.c.i.e.AbstractTransferListenerAdapter - Downloaded https://repo.maven.apache.org/maven2/org/apache/maven/surefire/surefire/2.12.4/surefire-2.12.4.pom
2020-01-30 01:24:00,782 [Worker-11: Enabling Maven Dependency Management] INFO  o.e.m.c.i.e.AbstractTransferListenerAdapter - Downloading https://repo.maven.apache.org/maven2/org/apache/maven/plugins/maven-jar-plugin/2.4/maven-jar-plugin-2.4.pom
2020-01-30 01:24:00,814 [Worker-11: Enabling Maven Dependency Management] INFO  o.e.m.c.i.e.AbstractTransferListenerAdapter - Downloaded https://repo.maven.apache.org/maven2/org/apache/maven/plugins/maven-jar-plugin/2.4/maven-jar-plugin-2.4.pom
2020-01-30 01:24:00,847 [Worker-11: Enabling Maven Dependency Management] INFO  o.e.m.c.i.e.AbstractTransferListenerAdapter - Downloading https://repo.maven.apache.org/maven2/org/apache/maven/plugins/maven-plugins/22/maven-plugins-22.pom
2020-01-30 01:24:00,878 [Worker-11: Enabling Maven Dependency Management] INFO  o.e.m.c.i.e.AbstractTransferListenerAdapter - Downloaded https://repo.maven.apache.org/maven2/org/apache/maven/plugins/maven-plugins/22/maven-plugins-22.pom
2020-01-30 01:24:01,567 [Worker-11: Enabling Maven Dependency Management] INFO  o.e.m.c.i.e.AbstractTransferListenerAdapter - Downloading https://repo.maven.apache.org/maven2/org/apache/maven/maven-archiver/2.5/maven-archiver-2.5.pom
2020-01-30 01:24:01,597 [Worker-11: Enabling Maven Dependency Management] INFO  o.e.m.c.i.e.AbstractTransferListenerAdapter - Downloaded https://repo.maven.apache.org/maven2/org/apache/maven/maven-archiver/2.5/maven-archiver-2.5.pom
2020-01-30 01:24:01,970 [Worker-11: Enabling Maven Dependency Management] INFO  o.e.m.c.i.e.AbstractTransferListenerAdapter - Downloading https://repo.maven.apache.org/maven2/org/codehaus/plexus/plexus-archiver/2.1/plexus-archiver-2.1.pom
2020-01-30 01:24:01,999 [Worker-11: Enabling Maven Dependency Management] INFO  o.e.m.c.i.e.AbstractTransferListenerAdapter - Downloaded https://repo.maven.apache.org/maven2/org/codehaus/plexus/plexus-archiver/2.1/plexus-archiver-2.1.pom
2020-01-30 01:24:02,033 [Worker-11: Enabling Maven Dependency Management] INFO  o.e.m.c.i.e.AbstractTransferListenerAdapter - Downloading https://repo.maven.apache.org/maven2/org/codehaus/plexus/plexus-utils/3.0/plexus-utils-3.0.pom
2020-01-30 01:24:02,085 [Worker-11: Enabling Maven Dependency Management] INFO  o.e.m.c.i.e.AbstractTransferListenerAdapter - Downloaded https://repo.maven.apache.org/maven2/org/codehaus/plexus/plexus-utils/3.0/plexus-utils-3.0.pom
2020-01-30 01:24:02,115 [Worker-11: Enabling Maven Dependency Management] INFO  o.e.m.c.i.e.AbstractTransferListenerAdapter - Downloading https://repo.maven.apache.org/maven2/org/sonatype/spice/spice-parent/16/spice-parent-16.pom
2020-01-30 01:24:02,155 [Worker-11: Enabling Maven Dependency Management] INFO  o.e.m.c.i.e.AbstractTransferListenerAdapter - Downloaded https://repo.maven.apache.org/maven2/org/sonatype/spice/spice-parent/16/spice-parent-16.pom
2020-01-30 01:24:02,184 [Worker-11: Enabling Maven Dependency Management] INFO  o.e.m.c.i.e.AbstractTransferListenerAdapter - Downloading https://repo.maven.apache.org/maven2/org/sonatype/forge/forge-parent/5/forge-parent-5.pom
2020-01-30 01:24:02,236 [Worker-11: Enabling Maven Dependency Management] INFO  o.e.m.c.i.e.AbstractTransferListenerAdapter - Downloaded https://repo.maven.apache.org/maven2/org/sonatype/forge/forge-parent/5/forge-parent-5.pom
2020-01-30 01:24:02,311 [Worker-11: Enabling Maven Dependency Management] INFO  o.e.m.c.i.e.AbstractTransferListenerAdapter - Downloading https://repo.maven.apache.org/maven2/org/codehaus/plexus/plexus-io/2.0.2/plexus-io-2.0.2.pom
2020-01-30 01:24:02,351 [Worker-11: Enabling Maven Dependency Management] INFO  o.e.m.c.i.e.AbstractTransferListenerAdapter - Downloaded https://repo.maven.apache.org/maven2/org/codehaus/plexus/plexus-io/2.0.2/plexus-io-2.0.2.pom
2020-01-30 01:24:02,406 [Worker-11: Enabling Maven Dependency Management] INFO  o.e.m.c.i.e.AbstractTransferListenerAdapter - Downloading https://repo.maven.apache.org/maven2/org/codehaus/plexus/plexus-components/1.1.19/plexus-components-1.1.19.pom
2020-01-30 01:24:02,437 [Worker-11: Enabling Maven Dependency Management] INFO  o.e.m.c.i.e.AbstractTransferListenerAdapter - Downloaded https://repo.maven.apache.org/maven2/org/codehaus/plexus/plexus-components/1.1.19/plexus-components-1.1.19.pom
2020-01-30 01:24:02,470 [Worker-11: Enabling Maven Dependency Management] INFO  o.e.m.c.i.e.AbstractTransferListenerAdapter - Downloading https://repo.maven.apache.org/maven2/org/codehaus/plexus/plexus/3.0.1/plexus-3.0.1.pom
2020-01-30 01:24:02,512 [Worker-11: Enabling Maven Dependency Management] INFO  o.e.m.c.i.e.AbstractTransferListenerAdapter - Downloaded https://repo.maven.apache.org/maven2/org/codehaus/plexus/plexus/3.0.1/plexus-3.0.1.pom
2020-01-30 01:24:02,567 [Worker-11: Enabling Maven Dependency Management] INFO  o.e.m.c.i.e.AbstractTransferListenerAdapter - Downloading https://repo.maven.apache.org/maven2/org/codehaus/plexus/plexus-interpolation/1.15/plexus-interpolation-1.15.pom
2020-01-30 01:24:02,631 [Worker-11: Enabling Maven Dependency Management] INFO  o.e.m.c.i.e.AbstractTransferListenerAdapter - Downloaded https://repo.maven.apache.org/maven2/org/codehaus/plexus/plexus-interpolation/1.15/plexus-interpolation-1.15.pom
2020-01-30 01:24:02,666 [Worker-11: Enabling Maven Dependency Management] INFO  o.e.m.c.i.e.AbstractTransferListenerAdapter - Downloading https://repo.maven.apache.org/maven2/commons-lang/commons-lang/2.1/commons-lang-2.1.pom
2020-01-30 01:24:02,718 [Worker-11: Enabling Maven Dependency Management] INFO  o.e.m.c.i.e.AbstractTransferListenerAdapter - Downloaded https://repo.maven.apache.org/maven2/commons-lang/commons-lang/2.1/commons-lang-2.1.pom
2020-01-30 01:24:02,803 [Worker-11: Enabling Maven Dependency Management] INFO  o.e.m.c.i.e.AbstractTransferListenerAdapter - Downloading https://repo.maven.apache.org/maven2/classworlds/classworlds/1.1-alpha-2/classworlds-1.1-alpha-2.jar
2020-01-30 01:24:03,055 [Worker-11: Enabling Maven Dependency Management] INFO  o.e.m.c.i.e.AbstractTransferListenerAdapter - Downloaded https://repo.maven.apache.org/maven2/classworlds/classworlds/1.1-alpha-2/classworlds-1.1-alpha-2.jar
2020-01-30 01:24:03,072 [Worker-11: Enabling Maven Dependency Management] INFO  o.e.m.c.i.e.AbstractTransferListenerAdapter - Downloading https://repo.maven.apache.org/maven2/org/apache/maven/maven-archiver/2.5/maven-archiver-2.5.jar
2020-01-30 01:24:03,238 [Worker-11: Enabling Maven Dependency Management] INFO  o.e.m.c.i.e.AbstractTransferListenerAdapter - Downloaded https://repo.maven.apache.org/maven2/org/apache/maven/maven-archiver/2.5/maven-archiver-2.5.jar
2020-01-30 01:24:03,263 [Worker-11: Enabling Maven Dependency Management] INFO  o.e.m.c.i.e.AbstractTransferListenerAdapter - Downloading https://repo.maven.apache.org/maven2/org/codehaus/plexus/plexus-interpolation/1.15/plexus-interpolation-1.15.jar
2020-01-30 01:24:03,310 [Worker-11: Enabling Maven Dependency Management] INFO  o.e.m.c.i.e.AbstractTransferListenerAdapter - Downloaded https://repo.maven.apache.org/maven2/org/codehaus/plexus/plexus-interpolation/1.15/plexus-interpolation-1.15.jar
2020-01-30 01:24:03,330 [Worker-11: Enabling Maven Dependency Management] INFO  o.e.m.c.i.e.AbstractTransferListenerAdapter - Downloading https://repo.maven.apache.org/maven2/org/codehaus/plexus/plexus-archiver/2.1/plexus-archiver-2.1.jar
2020-01-30 01:24:03,411 [Worker-11: Enabling Maven Dependency Management] INFO  o.e.m.c.i.e.AbstractTransferListenerAdapter - Downloaded https://repo.maven.apache.org/maven2/org/codehaus/plexus/plexus-archiver/2.1/plexus-archiver-2.1.jar
2020-01-30 01:24:03,427 [Worker-11: Enabling Maven Dependency Management] INFO  o.e.m.c.i.e.AbstractTransferListenerAdapter - Downloading https://repo.maven.apache.org/maven2/org/codehaus/plexus/plexus-io/2.0.2/plexus-io-2.0.2.jar
2020-01-30 01:24:03,483 [Worker-11: Enabling Maven Dependency Management] INFO  o.e.m.c.i.e.AbstractTransferListenerAdapter - Downloaded https://repo.maven.apache.org/maven2/org/codehaus/plexus/plexus-io/2.0.2/plexus-io-2.0.2.jar
2020-01-30 01:24:03,504 [Worker-11: Enabling Maven Dependency Management] INFO  o.e.m.c.i.e.AbstractTransferListenerAdapter - Downloading https://repo.maven.apache.org/maven2/commons-lang/commons-lang/2.1/commons-lang-2.1.jar
2020-01-30 01:24:03,546 [Worker-11: Enabling Maven Dependency Management] INFO  o.e.m.c.i.e.AbstractTransferListenerAdapter - Downloaded https://repo.maven.apache.org/maven2/commons-lang/commons-lang/2.1/commons-lang-2.1.jar
2020-01-30 01:24:03,567 [Worker-11: Enabling Maven Dependency Management] INFO  o.e.m.c.i.e.AbstractTransferListenerAdapter - Downloading https://repo.maven.apache.org/maven2/org/codehaus/plexus/plexus-utils/3.0/plexus-utils-3.0.jar
2020-01-30 01:24:03,613 [Worker-11: Enabling Maven Dependency Management] INFO  o.e.m.c.i.e.AbstractTransferListenerAdapter - Downloaded https://repo.maven.apache.org/maven2/org/codehaus/plexus/plexus-utils/3.0/plexus-utils-3.0.jar
2020-01-30 01:24:07,076 [Worker-23: Building] WARN  o.e.m.c.i.embedder.EclipseLogger - Using platform encoding (Cp1252 actually) to copy filtered resources, i.e. build is platform dependent!
2020-01-30 01:24:07,120 [Worker-23: Building] INFO  o.e.m.c.i.embedder.EclipseLogger - skip non existing resourceDirectory C:\Users\eatan\Desktop\Biz School\YEAR 2 SPRING 2020\Java II\Eclipse-Files\JUnitLab\src\main\resources
2020-01-30 01:24:07,122 [Worker-23: Building] WARN  o.e.m.c.i.embedder.EclipseLogger - Using platform encoding (Cp1252 actually) to copy filtered resources, i.e. build is platform dependent!
2020-01-30 01:24:07,128 [Worker-23: Building] INFO  o.e.m.c.i.embedder.EclipseLogger - skip non existing resourceDirectory C:\Users\eatan\Desktop\Biz School\YEAR 2 SPRING 2020\Java II\Eclipse-Files\JUnitLab\src\test\resources
2020-01-30 01:24:07,153 [Worker-11: Enabling Maven Dependency Management] INFO  o.e.m.j.i.AbstractJavaProjectConfigurator - Adding source folder /JUnitLab/src
2020-01-30 01:24:07,154 [Worker-11: Enabling Maven Dependency Management] INFO  o.e.m.j.i.AbstractJavaProjectConfigurator - Not adding source folder /JUnitLab/src/test/java because it overlaps with /JUnitLab/src
2020-01-30 01:24:07,305 [Worker-11: Enabling Maven Dependency Management] INFO  o.e.m.c.i.p.ProjectConfigurationManager - Update started
2020-01-30 01:24:07,812 [Worker-11: Enabling Maven Dependency Management] INFO  o.e.m.c.i.l.LifecycleMappingFactory - Using org.eclipse.m2e.jdt.JarLifecycleMapping lifecycle mapping for MavenProject: JUnitLab:JUnitLab:0.0.1-SNAPSHOT @ C:\Users\eatan\Desktop\Biz School\YEAR 2 SPRING 2020\Java II\Eclipse-Files\JUnitLab\pom.xml.
2020-01-30 01:24:08,185 [Worker-11: Enabling Maven Dependency Management] INFO  o.e.m.j.i.AbstractJavaProjectConfigurator - Adding source folder /JUnitLab/src
2020-01-30 01:24:08,186 [Worker-11: Enabling Maven Dependency Management] INFO  o.e.m.j.i.AbstractJavaProjectConfigurator - Not adding source folder /JUnitLab/src/test/java because it overlaps with /JUnitLab/src
2020-01-30 01:24:08,269 [Worker-11: Enabling Maven Dependency Management] INFO  o.e.m.c.i.p.ProjectConfigurationManager - Update completed: 0 sec
2020-01-30 01:24:08,389 [Worker-23: Building] WARN  o.e.m.c.i.embedder.EclipseLogger - Using platform encoding (Cp1252 actually) to copy filtered resources, i.e. build is platform dependent!
2020-01-30 01:24:08,396 [Worker-23: Building] INFO  o.e.m.c.i.embedder.EclipseLogger - skip non existing resourceDirectory C:\Users\eatan\Desktop\Biz School\YEAR 2 SPRING 2020\Java II\Eclipse-Files\JUnitLab\src\main\resources
2020-01-30 01:24:08,398 [Worker-23: Building] WARN  o.e.m.c.i.embedder.EclipseLogger - Using platform encoding (Cp1252 actually) to copy filtered resources, i.e. build is platform dependent!
2020-01-30 01:24:08,408 [Worker-23: Building] INFO  o.e.m.c.i.embedder.EclipseLogger - skip non existing resourceDirectory C:\Users\eatan\Desktop\Biz School\YEAR 2 SPRING 2020\Java II\Eclipse-Files\JUnitLab\src\test\resources
2020-01-30 01:26:02,330 [Worker-5: Loading available Gradle versions] INFO  o.e.b.c.i.u.g.PublishedGradleVersions - Gradle version information cache is up-to-date. Trying to read.
2020-01-30 01:26:04,771 [Worker-7: Updating indexes] INFO  o.e.m.c.i.i.nexus.NexusIndexManager - Updating index for repository: central|https://repo.maven.apache.org/maven2
2020-01-30 02:11:15,009 [Worker-7: Updating indexes] INFO  o.e.m.c.i.i.nexus.NexusIndexManager - Updated index for repository: central|https://repo.maven.apache.org/maven2 in 2710239 ms
2020-01-30 18:09:51,791 [Worker-151: Building] WARN  o.e.m.c.i.embedder.EclipseLogger - Using platform encoding (Cp1252 actually) to copy filtered resources, i.e. build is platform dependent!
2020-01-30 18:09:51,935 [Worker-151: Building] INFO  o.e.m.c.i.embedder.EclipseLogger - skip non existing resourceDirectory C:\Users\eatan\Desktop\Biz School\YEAR 2 SPRING 2020\Java II\Eclipse-Files\JUnitLab\src\main\resources
2020-01-30 18:09:51,937 [Worker-151: Building] WARN  o.e.m.c.i.embedder.EclipseLogger - Using platform encoding (Cp1252 actually) to copy filtered resources, i.e. build is platform dependent!
2020-01-30 18:09:51,943 [Worker-151: Building] INFO  o.e.m.c.i.embedder.EclipseLogger - skip non existing resourceDirectory C:\Users\eatan\Desktop\Biz School\YEAR 2 SPRING 2020\Java II\Eclipse-Files\JUnitLab\src\test\resources
2020-01-30 21:38:38,229 [Worker-171: Launching FixturesExample] INFO  o.e.m.c.i.l.LifecycleMappingFactory - Using org.eclipse.m2e.jdt.JarLifecycleMapping lifecycle mapping for MavenProject: JUnitLab:JUnitLab:0.0.1-SNAPSHOT @ C:\Users\eatan\Desktop\Biz School\YEAR 2 SPRING 2020\Java II\Eclipse-Files\JUnitLab\pom.xml.
2020-01-30 21:38:39,078 [Worker-171: Launching FixturesExample] INFO  o.e.m.c.i.e.AbstractTransferListenerAdapter - Downloading https://repo.maven.apache.org/maven2/junit/junit/4.12/junit-4.12.pom
2020-01-30 21:38:39,806 [Worker-171: Launching FixturesExample] INFO  o.e.m.c.i.e.AbstractTransferListenerAdapter - Downloaded https://repo.maven.apache.org/maven2/junit/junit/4.12/junit-4.12.pom
2020-01-30 21:38:39,862 [Worker-171: Launching FixturesExample] INFO  o.e.m.c.i.e.AbstractTransferListenerAdapter - Downloading https://repo.maven.apache.org/maven2/org/hamcrest/hamcrest-core/1.3/hamcrest-core-1.3.pom
2020-01-30 21:38:39,971 [Worker-171: Launching FixturesExample] INFO  o.e.m.c.i.e.AbstractTransferListenerAdapter - Downloaded https://repo.maven.apache.org/maven2/org/hamcrest/hamcrest-core/1.3/hamcrest-core-1.3.pom
2020-01-30 21:38:40,004 [Worker-171: Launching FixturesExample] INFO  o.e.m.c.i.e.AbstractTransferListenerAdapter - Downloading https://repo.maven.apache.org/maven2/org/hamcrest/hamcrest-parent/1.3/hamcrest-parent-1.3.pom
2020-01-30 21:38:40,170 [Worker-171: Launching FixturesExample] INFO  o.e.m.c.i.e.AbstractTransferListenerAdapter - Downloaded https://repo.maven.apache.org/maven2/org/hamcrest/hamcrest-parent/1.3/hamcrest-parent-1.3.pom
2020-01-30 21:38:40,205 [Worker-171: Launching FixturesExample] INFO  o.e.m.c.i.e.AbstractTransferListenerAdapter - Downloading https://repo.maven.apache.org/maven2/junit/junit/4.12/junit-4.12.jar
2020-01-30 21:38:40,556 [Worker-171: Launching FixturesExample] INFO  o.e.m.c.i.e.AbstractTransferListenerAdapter - Downloaded https://repo.maven.apache.org/maven2/junit/junit/4.12/junit-4.12.jar
2020-01-30 21:38:40,651 [Worker-171: Launching FixturesExample] INFO  o.e.m.c.i.e.AbstractTransferListenerAdapter - Downloading https://repo.maven.apache.org/maven2/org/hamcrest/hamcrest-core/1.3/hamcrest-core-1.3.jar
2020-01-30 21:38:41,573 [Worker-171: Launching FixturesExample] INFO  o.e.m.c.i.e.AbstractTransferListenerAdapter - Downloaded https://repo.maven.apache.org/maven2/org/hamcrest/hamcrest-core/1.3/hamcrest-core-1.3.jar
2020-01-30 21:38:51,073 [Worker-200: Download sources and javadoc] INFO  o.e.m.c.i.e.AbstractTransferListenerAdapter - Downloading https://repo.maven.apache.org/maven2/junit/junit/4.12/junit-4.12-sources.jar
2020-01-30 21:38:52,468 [Worker-200: Download sources and javadoc] INFO  o.e.m.c.i.e.AbstractTransferListenerAdapter - Downloaded https://repo.maven.apache.org/maven2/junit/junit/4.12/junit-4.12-sources.jar
2020-01-30 21:38:53,087 [Worker-200: Download sources and javadoc] INFO  o.e.m.j.internal.DownloadSourcesJob - Downloaded sources for junit:junit:4.12
2020-01-30 21:38:53,182 [Worker-200: Download sources and javadoc] INFO  o.e.m.c.i.e.AbstractTransferListenerAdapter - Downloading https://repo.maven.apache.org/maven2/junit/junit/4.12/junit-4.12-javadoc.jar
2020-01-30 21:38:55,438 [Worker-200: Download sources and javadoc] INFO  o.e.m.c.i.e.AbstractTransferListenerAdapter - Downloaded https://repo.maven.apache.org/maven2/junit/junit/4.12/junit-4.12-javadoc.jar
2020-01-30 21:38:55,747 [Worker-200: Download sources and javadoc] INFO  o.e.m.j.internal.DownloadSourcesJob - Downloaded javadoc for junit:junit:4.12
2020-01-30 21:38:56,043 [Worker-200: Download sources and javadoc] INFO  o.e.m.c.i.e.AbstractTransferListenerAdapter - Downloading https://repo.maven.apache.org/maven2/org/hamcrest/hamcrest-core/1.3/hamcrest-core-1.3-sources.jar
2020-01-30 21:38:58,155 [Worker-171: Launching FixturesExample] WARN  o.e.m.c.i.embedder.EclipseLogger - Using platform encoding (Cp1252 actually) to copy filtered resources, i.e. build is platform dependent!
2020-01-30 21:38:58,470 [Worker-171: Launching FixturesExample] INFO  o.e.m.c.i.embedder.EclipseLogger - skip non existing resourceDirectory C:\Users\eatan\Desktop\Biz School\YEAR 2 SPRING 2020\Java II\Eclipse-Files\JUnitLab\src\main\resources
2020-01-30 21:38:58,472 [Worker-171: Launching FixturesExample] WARN  o.e.m.c.i.embedder.EclipseLogger - Using platform encoding (Cp1252 actually) to copy filtered resources, i.e. build is platform dependent!
2020-01-30 21:38:58,551 [Worker-171: Launching FixturesExample] INFO  o.e.m.c.i.embedder.EclipseLogger - skip non existing resourceDirectory C:\Users\eatan\Desktop\Biz School\YEAR 2 SPRING 2020\Java II\Eclipse-Files\JUnitLab\src\test\resources
2020-01-30 21:38:59,364 [Worker-200: Download sources and javadoc] INFO  o.e.m.c.i.e.AbstractTransferListenerAdapter - Downloaded https://repo.maven.apache.org/maven2/org/hamcrest/hamcrest-core/1.3/hamcrest-core-1.3-sources.jar
2020-01-30 21:39:00,529 [Worker-200: Download sources and javadoc] INFO  o.e.m.j.internal.DownloadSourcesJob - Downloaded sources for org.hamcrest:hamcrest-core:1.3
2020-01-30 21:39:00,549 [Worker-200: Download sources and javadoc] INFO  o.e.m.c.i.e.AbstractTransferListenerAdapter - Downloading https://repo.maven.apache.org/maven2/org/hamcrest/hamcrest-core/1.3/hamcrest-core-1.3-javadoc.jar
2020-01-30 21:39:00,903 [Worker-200: Download sources and javadoc] INFO  o.e.m.c.i.e.AbstractTransferListenerAdapter - Downloaded https://repo.maven.apache.org/maven2/org/hamcrest/hamcrest-core/1.3/hamcrest-core-1.3-javadoc.jar
2020-01-30 21:39:02,033 [Worker-200: Download sources and javadoc] INFO  o.e.m.j.internal.DownloadSourcesJob - Downloaded javadoc for org.hamcrest:hamcrest-core:1.3
2020-01-30 21:39:04,357 [Worker-200: Building] WARN  o.e.m.c.i.embedder.EclipseLogger - Using platform encoding (Cp1252 actually) to copy filtered resources, i.e. build is platform dependent!
2020-01-30 21:39:04,363 [Worker-200: Building] INFO  o.e.m.c.i.embedder.EclipseLogger - skip non existing resourceDirectory C:\Users\eatan\Desktop\Biz School\YEAR 2 SPRING 2020\Java II\Eclipse-Files\JUnitLab\src\main\resources
2020-01-30 21:39:04,365 [Worker-200: Building] WARN  o.e.m.c.i.embedder.EclipseLogger - Using platform encoding (Cp1252 actually) to copy filtered resources, i.e. build is platform dependent!
2020-01-30 21:39:04,373 [Worker-200: Building] INFO  o.e.m.c.i.embedder.EclipseLogger - skip non existing resourceDirectory C:\Users\eatan\Desktop\Biz School\YEAR 2 SPRING 2020\Java II\Eclipse-Files\JUnitLab\src\test\resources
2020-01-30 21:42:06,027 [Worker-186: Launching FixturesExample] WARN  o.e.m.c.i.embedder.EclipseLogger - Using platform encoding (Cp1252 actually) to copy filtered resources, i.e. build is platform dependent!
2020-01-30 21:42:06,037 [Worker-186: Launching FixturesExample] INFO  o.e.m.c.i.embedder.EclipseLogger - skip non existing resourceDirectory C:\Users\eatan\Desktop\Biz School\YEAR 2 SPRING 2020\Java II\Eclipse-Files\JUnitLab\src\main\resources
2020-01-30 21:42:06,039 [Worker-186: Launching FixturesExample] WARN  o.e.m.c.i.embedder.EclipseLogger - Using platform encoding (Cp1252 actually) to copy filtered resources, i.e. build is platform dependent!
2020-01-30 21:42:06,045 [Worker-186: Launching FixturesExample] INFO  o.e.m.c.i.embedder.EclipseLogger - skip non existing resourceDirectory C:\Users\eatan\Desktop\Biz School\YEAR 2 SPRING 2020\Java II\Eclipse-Files\JUnitLab\src\test\resources
2020-01-30 21:46:38,187 [Worker-204: Building] WARN  o.e.m.c.i.embedder.EclipseLogger - Using platform encoding (Cp1252 actually) to copy filtered resources, i.e. build is platform dependent!
2020-01-30 21:46:38,260 [Worker-204: Building] INFO  o.e.m.c.i.embedder.EclipseLogger - skip non existing resourceDirectory C:\Users\eatan\Desktop\Biz School\YEAR 2 SPRING 2020\Java II\Eclipse-Files\JUnitLab\src\main\resources
2020-01-30 21:46:38,262 [Worker-204: Building] WARN  o.e.m.c.i.embedder.EclipseLogger - Using platform encoding (Cp1252 actually) to copy filtered resources, i.e. build is platform dependent!
2020-01-30 21:46:38,270 [Worker-204: Building] INFO  o.e.m.c.i.embedder.EclipseLogger - skip non existing resourceDirectory C:\Users\eatan\Desktop\Biz School\YEAR 2 SPRING 2020\Java II\Eclipse-Files\JUnitLab\src\test\resources
2020-01-30 21:51:39,382 [Worker-200: Building] WARN  o.e.m.c.i.embedder.EclipseLogger - Using platform encoding (Cp1252 actually) to copy filtered resources, i.e. build is platform dependent!
2020-01-30 21:51:39,527 [Worker-200: Building] INFO  o.e.m.c.i.embedder.EclipseLogger - skip non existing resourceDirectory C:\Users\eatan\Desktop\Biz School\YEAR 2 SPRING 2020\Java II\Eclipse-Files\JUnitLab\src\main\resources
2020-01-30 21:51:39,529 [Worker-200: Building] WARN  o.e.m.c.i.embedder.EclipseLogger - Using platform encoding (Cp1252 actually) to copy filtered resources, i.e. build is platform dependent!
2020-01-30 21:51:39,542 [Worker-200: Building] INFO  o.e.m.c.i.embedder.EclipseLogger - skip non existing resourceDirectory C:\Users\eatan\Desktop\Biz School\YEAR 2 SPRING 2020\Java II\Eclipse-Files\JUnitLab\src\test\resources
2020-01-30 21:55:39,328 [Worker-204: Building] WARN  o.e.m.c.i.embedder.EclipseLogger - Using platform encoding (Cp1252 actually) to copy filtered resources, i.e. build is platform dependent!
2020-01-30 21:55:39,339 [Worker-204: Building] INFO  o.e.m.c.i.embedder.EclipseLogger - skip non existing resourceDirectory C:\Users\eatan\Desktop\Biz School\YEAR 2 SPRING 2020\Java II\Eclipse-Files\JUnitLab\src\main\resources
2020-01-30 21:55:39,340 [Worker-204: Building] WARN  o.e.m.c.i.embedder.EclipseLogger - Using platform encoding (Cp1252 actually) to copy filtered resources, i.e. build is platform dependent!
2020-01-30 21:55:39,349 [Worker-204: Building] INFO  o.e.m.c.i.embedder.EclipseLogger - skip non existing resourceDirectory C:\Users\eatan\Desktop\Biz School\YEAR 2 SPRING 2020\Java II\Eclipse-Files\JUnitLab\src\test\resources
2020-01-30 21:56:04,245 [Worker-208: Launching AllTests] WARN  o.e.m.c.i.embedder.EclipseLogger - Using platform encoding (Cp1252 actually) to copy filtered resources, i.e. build is platform dependent!
2020-01-30 21:56:04,344 [Worker-208: Launching AllTests] INFO  o.e.m.c.i.embedder.EclipseLogger - skip non existing resourceDirectory C:\Users\eatan\Desktop\Biz School\YEAR 2 SPRING 2020\Java II\Eclipse-Files\JUnitLab\src\main\resources
2020-01-30 21:56:04,347 [Worker-208: Launching AllTests] WARN  o.e.m.c.i.embedder.EclipseLogger - Using platform encoding (Cp1252 actually) to copy filtered resources, i.e. build is platform dependent!
2020-01-30 21:56:04,356 [Worker-208: Launching AllTests] INFO  o.e.m.c.i.embedder.EclipseLogger - skip non existing resourceDirectory C:\Users\eatan\Desktop\Biz School\YEAR 2 SPRING 2020\Java II\Eclipse-Files\JUnitLab\src\test\resources
2020-01-30 21:58:14,407 [Worker-204: Building] WARN  o.e.m.c.i.embedder.EclipseLogger - Using platform encoding (Cp1252 actually) to copy filtered resources, i.e. build is platform dependent!
2020-01-30 21:58:14,500 [Worker-204: Building] INFO  o.e.m.c.i.embedder.EclipseLogger - skip non existing resourceDirectory C:\Users\eatan\Desktop\Biz School\YEAR 2 SPRING 2020\Java II\Eclipse-Files\JUnitLab\src\main\resources
2020-01-30 21:58:14,502 [Worker-204: Building] WARN  o.e.m.c.i.embedder.EclipseLogger - Using platform encoding (Cp1252 actually) to copy filtered resources, i.e. build is platform dependent!
2020-01-30 21:58:14,510 [Worker-204: Building] INFO  o.e.m.c.i.embedder.EclipseLogger - skip non existing resourceDirectory C:\Users\eatan\Desktop\Biz School\YEAR 2 SPRING 2020\Java II\Eclipse-Files\JUnitLab\src\test\resources
2020-01-30 21:58:45,334 [Worker-196: Building] WARN  o.e.m.c.i.embedder.EclipseLogger - Using platform encoding (Cp1252 actually) to copy filtered resources, i.e. build is platform dependent!
2020-01-30 21:58:45,343 [Worker-196: Building] INFO  o.e.m.c.i.embedder.EclipseLogger - skip non existing resourceDirectory C:\Users\eatan\Desktop\Biz School\YEAR 2 SPRING 2020\Java II\Eclipse-Files\JUnitLab\src\main\resources
2020-01-30 21:58:45,345 [Worker-196: Building] WARN  o.e.m.c.i.embedder.EclipseLogger - Using platform encoding (Cp1252 actually) to copy filtered resources, i.e. build is platform dependent!
2020-01-30 21:58:45,354 [Worker-196: Building] INFO  o.e.m.c.i.embedder.EclipseLogger - skip non existing resourceDirectory C:\Users\eatan\Desktop\Biz School\YEAR 2 SPRING 2020\Java II\Eclipse-Files\JUnitLab\src\test\resources
2020-01-30 22:03:33,523 [Worker-200: Launching AllTests] WARN  o.e.m.c.i.embedder.EclipseLogger - Using platform encoding (Cp1252 actually) to copy filtered resources, i.e. build is platform dependent!
2020-01-30 22:03:33,560 [Worker-200: Launching AllTests] INFO  o.e.m.c.i.embedder.EclipseLogger - skip non existing resourceDirectory C:\Users\eatan\Desktop\Biz School\YEAR 2 SPRING 2020\Java II\Eclipse-Files\JUnitLab\src\main\resources
2020-01-30 22:03:33,562 [Worker-200: Launching AllTests] WARN  o.e.m.c.i.embedder.EclipseLogger - Using platform encoding (Cp1252 actually) to copy filtered resources, i.e. build is platform dependent!
2020-01-30 22:03:33,571 [Worker-200: Launching AllTests] INFO  o.e.m.c.i.embedder.EclipseLogger - skip non existing resourceDirectory C:\Users\eatan\Desktop\Biz School\YEAR 2 SPRING 2020\Java II\Eclipse-Files\JUnitLab\src\test\resources
2020-01-30 22:04:41,072 [Worker-212: Building] WARN  o.e.m.c.i.embedder.EclipseLogger - Using platform encoding (Cp1252 actually) to copy filtered resources, i.e. build is platform dependent!
2020-01-30 22:04:41,077 [Worker-212: Building] INFO  o.e.m.c.i.embedder.EclipseLogger - skip non existing resourceDirectory C:\Users\eatan\Desktop\Biz School\YEAR 2 SPRING 2020\Java II\Eclipse-Files\JUnitLab\src\main\resources
2020-01-30 22:04:41,079 [Worker-212: Building] WARN  o.e.m.c.i.embedder.EclipseLogger - Using platform encoding (Cp1252 actually) to copy filtered resources, i.e. build is platform dependent!
2020-01-30 22:04:41,087 [Worker-212: Building] INFO  o.e.m.c.i.embedder.EclipseLogger - skip non existing resourceDirectory C:\Users\eatan\Desktop\Biz School\YEAR 2 SPRING 2020\Java II\Eclipse-Files\JUnitLab\src\test\resources
2020-01-30 22:05:54,004 [Worker-213: Launching AllTests] WARN  o.e.m.c.i.embedder.EclipseLogger - Using platform encoding (Cp1252 actually) to copy filtered resources, i.e. build is platform dependent!
2020-01-30 22:05:54,014 [Worker-213: Launching AllTests] INFO  o.e.m.c.i.embedder.EclipseLogger - skip non existing resourceDirectory C:\Users\eatan\Desktop\Biz School\YEAR 2 SPRING 2020\Java II\Eclipse-Files\JUnitLab\src\main\resources
2020-01-30 22:05:54,015 [Worker-213: Launching AllTests] WARN  o.e.m.c.i.embedder.EclipseLogger - Using platform encoding (Cp1252 actually) to copy filtered resources, i.e. build is platform dependent!
2020-01-30 22:05:54,023 [Worker-213: Launching AllTests] INFO  o.e.m.c.i.embedder.EclipseLogger - skip non existing resourceDirectory C:\Users\eatan\Desktop\Biz School\YEAR 2 SPRING 2020\Java II\Eclipse-Files\JUnitLab\src\test\resources
2020-01-30 22:08:25,799 [Worker-213: Building] WARN  o.e.m.c.i.embedder.EclipseLogger - Using platform encoding (Cp1252 actually) to copy filtered resources, i.e. build is platform dependent!
2020-01-30 22:08:25,842 [Worker-213: Building] INFO  o.e.m.c.i.embedder.EclipseLogger - skip non existing resourceDirectory C:\Users\eatan\Desktop\Biz School\YEAR 2 SPRING 2020\Java II\Eclipse-Files\JUnitLab\src\main\resources
2020-01-30 22:08:25,844 [Worker-213: Building] WARN  o.e.m.c.i.embedder.EclipseLogger - Using platform encoding (Cp1252 actually) to copy filtered resources, i.e. build is platform dependent!
2020-01-30 22:08:25,852 [Worker-213: Building] INFO  o.e.m.c.i.embedder.EclipseLogger - skip non existing resourceDirectory C:\Users\eatan\Desktop\Biz School\YEAR 2 SPRING 2020\Java II\Eclipse-Files\JUnitLab\src\test\resources
2020-01-30 22:10:30,930 [Worker-213: Building] WARN  o.e.m.c.i.embedder.EclipseLogger - Using platform encoding (Cp1252 actually) to copy filtered resources, i.e. build is platform dependent!
2020-01-30 22:10:30,938 [Worker-213: Building] INFO  o.e.m.c.i.embedder.EclipseLogger - skip non existing resourceDirectory C:\Users\eatan\Desktop\Biz School\YEAR 2 SPRING 2020\Java II\Eclipse-Files\JUnitLab\src\main\resources
2020-01-30 22:10:30,939 [Worker-213: Building] WARN  o.e.m.c.i.embedder.EclipseLogger - Using platform encoding (Cp1252 actually) to copy filtered resources, i.e. build is platform dependent!
2020-01-30 22:10:30,946 [Worker-213: Building] INFO  o.e.m.c.i.embedder.EclipseLogger - skip non existing resourceDirectory C:\Users\eatan\Desktop\Biz School\YEAR 2 SPRING 2020\Java II\Eclipse-Files\JUnitLab\src\test\resources
2020-01-30 22:35:47,595 [Worker-211: Launching TestRunner] WARN  o.e.m.c.i.embedder.EclipseLogger - Using platform encoding (Cp1252 actually) to copy filtered resources, i.e. build is platform dependent!
2020-01-30 22:35:47,649 [Worker-211: Launching TestRunner] INFO  o.e.m.c.i.embedder.EclipseLogger - skip non existing resourceDirectory C:\Users\eatan\Desktop\Biz School\YEAR 2 SPRING 2020\Java II\Eclipse-Files\JUnitLab\src\main\resources
2020-01-30 22:35:47,650 [Worker-211: Launching TestRunner] WARN  o.e.m.c.i.embedder.EclipseLogger - Using platform encoding (Cp1252 actually) to copy filtered resources, i.e. build is platform dependent!
2020-01-30 22:35:47,656 [Worker-211: Launching TestRunner] INFO  o.e.m.c.i.embedder.EclipseLogger - skip non existing resourceDirectory C:\Users\eatan\Desktop\Biz School\YEAR 2 SPRING 2020\Java II\Eclipse-Files\JUnitLab\src\test\resources
2020-01-30 22:36:39,873 [Worker-217: Building] WARN  o.e.m.c.i.embedder.EclipseLogger - Using platform encoding (Cp1252 actually) to copy filtered resources, i.e. build is platform dependent!
2020-01-30 22:36:39,879 [Worker-217: Building] INFO  o.e.m.c.i.embedder.EclipseLogger - skip non existing resourceDirectory C:\Users\eatan\Desktop\Biz School\YEAR 2 SPRING 2020\Java II\Eclipse-Files\JUnitLab\src\main\resources
2020-01-30 22:36:39,881 [Worker-217: Building] WARN  o.e.m.c.i.embedder.EclipseLogger - Using platform encoding (Cp1252 actually) to copy filtered resources, i.e. build is platform dependent!
2020-01-30 22:36:39,888 [Worker-217: Building] INFO  o.e.m.c.i.embedder.EclipseLogger - skip non existing resourceDirectory C:\Users\eatan\Desktop\Biz School\YEAR 2 SPRING 2020\Java II\Eclipse-Files\JUnitLab\src\test\resources
2020-01-30 22:38:32,277 [Worker-213: Launching AllTests] WARN  o.e.m.c.i.embedder.EclipseLogger - Using platform encoding (Cp1252 actually) to copy filtered resources, i.e. build is platform dependent!
2020-01-30 22:38:32,282 [Worker-213: Launching AllTests] INFO  o.e.m.c.i.embedder.EclipseLogger - skip non existing resourceDirectory C:\Users\eatan\Desktop\Biz School\YEAR 2 SPRING 2020\Java II\Eclipse-Files\JUnitLab\src\main\resources
2020-01-30 22:38:32,283 [Worker-213: Launching AllTests] WARN  o.e.m.c.i.embedder.EclipseLogger - Using platform encoding (Cp1252 actually) to copy filtered resources, i.e. build is platform dependent!
2020-01-30 22:38:32,288 [Worker-213: Launching AllTests] INFO  o.e.m.c.i.embedder.EclipseLogger - skip non existing resourceDirectory C:\Users\eatan\Desktop\Biz School\YEAR 2 SPRING 2020\Java II\Eclipse-Files\JUnitLab\src\test\resources
2020-01-30 22:39:00,364 [Worker-211: Building] WARN  o.e.m.c.i.embedder.EclipseLogger - Using platform encoding (Cp1252 actually) to copy filtered resources, i.e. build is platform dependent!
2020-01-30 22:39:00,405 [Worker-211: Building] INFO  o.e.m.c.i.embedder.EclipseLogger - skip non existing resourceDirectory C:\Users\eatan\Desktop\Biz School\YEAR 2 SPRING 2020\Java II\Eclipse-Files\JUnitLab\src\main\resources
2020-01-30 22:39:00,407 [Worker-211: Building] WARN  o.e.m.c.i.embedder.EclipseLogger - Using platform encoding (Cp1252 actually) to copy filtered resources, i.e. build is platform dependent!
2020-01-30 22:39:00,417 [Worker-211: Building] INFO  o.e.m.c.i.embedder.EclipseLogger - skip non existing resourceDirectory C:\Users\eatan\Desktop\Biz School\YEAR 2 SPRING 2020\Java II\Eclipse-Files\JUnitLab\src\test\resources
2020-01-30 22:39:58,635 [Worker-217: Building] WARN  o.e.m.c.i.embedder.EclipseLogger - Using platform encoding (Cp1252 actually) to copy filtered resources, i.e. build is platform dependent!
2020-01-30 22:39:58,645 [Worker-217: Building] INFO  o.e.m.c.i.embedder.EclipseLogger - skip non existing resourceDirectory C:\Users\eatan\Desktop\Biz School\YEAR 2 SPRING 2020\Java II\Eclipse-Files\JUnitLab\src\main\resources
2020-01-30 22:39:58,647 [Worker-217: Building] WARN  o.e.m.c.i.embedder.EclipseLogger - Using platform encoding (Cp1252 actually) to copy filtered resources, i.e. build is platform dependent!
2020-01-30 22:39:58,658 [Worker-217: Building] INFO  o.e.m.c.i.embedder.EclipseLogger - skip non existing resourceDirectory C:\Users\eatan\Desktop\Biz School\YEAR 2 SPRING 2020\Java II\Eclipse-Files\JUnitLab\src\test\resources
2020-01-30 22:48:53,753 [Worker-218: Enabling Maven Dependency Management] INFO  o.e.m.c.i.l.LifecycleMappingFactory - Using org.eclipse.m2e.jdt.JarLifecycleMapping lifecycle mapping for MavenProject: employee:employee:0.0.1-SNAPSHOT @ C:\Users\eatan\Desktop\Biz School\YEAR 2 SPRING 2020\Java II\Eclipse-Files\employee\pom.xml.
2020-01-30 22:48:56,534 [Worker-200: Building] WARN  o.e.m.c.i.embedder.EclipseLogger - Using platform encoding (Cp1252 actually) to copy filtered resources, i.e. build is platform dependent!
2020-01-30 22:48:56,581 [Worker-200: Building] INFO  o.e.m.c.i.embedder.EclipseLogger - skip non existing resourceDirectory C:\Users\eatan\Desktop\Biz School\YEAR 2 SPRING 2020\Java II\Eclipse-Files\employee\src\main\resources
2020-01-30 22:48:56,582 [Worker-200: Building] WARN  o.e.m.c.i.embedder.EclipseLogger - Using platform encoding (Cp1252 actually) to copy filtered resources, i.e. build is platform dependent!
2020-01-30 22:48:56,588 [Worker-200: Building] INFO  o.e.m.c.i.embedder.EclipseLogger - skip non existing resourceDirectory C:\Users\eatan\Desktop\Biz School\YEAR 2 SPRING 2020\Java II\Eclipse-Files\employee\src\test\resources
2020-01-30 22:48:57,833 [Worker-200: Building] WARN  o.e.m.c.i.embedder.EclipseLogger - Using platform encoding (Cp1252 actually) to copy filtered resources, i.e. build is platform dependent!
2020-01-30 22:48:57,839 [Worker-200: Building] INFO  o.e.m.c.i.embedder.EclipseLogger - skip non existing resourceDirectory C:\Users\eatan\Desktop\Biz School\YEAR 2 SPRING 2020\Java II\Eclipse-Files\employee\src\main\resources
2020-01-30 22:48:57,840 [Worker-200: Building] WARN  o.e.m.c.i.embedder.EclipseLogger - Using platform encoding (Cp1252 actually) to copy filtered resources, i.e. build is platform dependent!
2020-01-30 22:48:57,849 [Worker-200: Building] INFO  o.e.m.c.i.embedder.EclipseLogger - skip non existing resourceDirectory C:\Users\eatan\Desktop\Biz School\YEAR 2 SPRING 2020\Java II\Eclipse-Files\employee\src\test\resources
2020-01-30 22:49:01,043 [Worker-218: Enabling Maven Dependency Management] INFO  o.e.m.j.i.AbstractJavaProjectConfigurator - Adding source folder /employee/src
2020-01-30 22:49:01,045 [Worker-218: Enabling Maven Dependency Management] INFO  o.e.m.j.i.AbstractJavaProjectConfigurator - Not adding source folder /employee/src/test/java because it overlaps with /employee/src
2020-01-30 22:49:04,213 [Worker-221: Building] WARN  o.e.m.c.i.embedder.EclipseLogger - Using platform encoding (Cp1252 actually) to copy filtered resources, i.e. build is platform dependent!
2020-01-30 22:49:04,248 [Worker-221: Building] INFO  o.e.m.c.i.embedder.EclipseLogger - skip non existing resourceDirectory C:\Users\eatan\Desktop\Biz School\YEAR 2 SPRING 2020\Java II\Eclipse-Files\employee\src\main\resources
2020-01-30 22:49:04,249 [Worker-221: Building] WARN  o.e.m.c.i.embedder.EclipseLogger - Using platform encoding (Cp1252 actually) to copy filtered resources, i.e. build is platform dependent!
2020-01-30 22:49:04,258 [Worker-221: Building] INFO  o.e.m.c.i.embedder.EclipseLogger - skip non existing resourceDirectory C:\Users\eatan\Desktop\Biz School\YEAR 2 SPRING 2020\Java II\Eclipse-Files\employee\src\test\resources
2020-01-30 22:49:08,171 [Worker-218: Enabling Maven Dependency Management] INFO  o.e.m.c.i.p.ProjectConfigurationManager - Update started
2020-01-30 22:49:09,172 [Worker-218: Enabling Maven Dependency Management] INFO  o.e.m.c.i.l.LifecycleMappingFactory - Using org.eclipse.m2e.jdt.JarLifecycleMapping lifecycle mapping for MavenProject: employee:employee:0.0.1-SNAPSHOT @ C:\Users\eatan\Desktop\Biz School\YEAR 2 SPRING 2020\Java II\Eclipse-Files\employee\pom.xml.
2020-01-30 22:49:14,051 [Worker-218: Enabling Maven Dependency Management] INFO  o.e.m.j.i.AbstractJavaProjectConfigurator - Adding source folder /employee/src
2020-01-30 22:49:14,052 [Worker-218: Enabling Maven Dependency Management] INFO  o.e.m.j.i.AbstractJavaProjectConfigurator - Not adding source folder /employee/src/test/java because it overlaps with /employee/src
2020-01-30 22:49:14,358 [Worker-218: Enabling Maven Dependency Management] INFO  o.e.m.c.i.p.ProjectConfigurationManager - Update completed: 6 sec
2020-01-30 22:49:15,863 [Worker-222: Building] WARN  o.e.m.c.i.embedder.EclipseLogger - Using platform encoding (Cp1252 actually) to copy filtered resources, i.e. build is platform dependent!
2020-01-30 22:49:15,924 [Worker-222: Building] INFO  o.e.m.c.i.embedder.EclipseLogger - skip non existing resourceDirectory C:\Users\eatan\Desktop\Biz School\YEAR 2 SPRING 2020\Java II\Eclipse-Files\employee\src\main\resources
2020-01-30 22:49:15,925 [Worker-222: Building] WARN  o.e.m.c.i.embedder.EclipseLogger - Using platform encoding (Cp1252 actually) to copy filtered resources, i.e. build is platform dependent!
2020-01-30 22:49:15,931 [Worker-222: Building] INFO  o.e.m.c.i.embedder.EclipseLogger - skip non existing resourceDirectory C:\Users\eatan\Desktop\Biz School\YEAR 2 SPRING 2020\Java II\Eclipse-Files\employee\src\test\resources
2020-01-30 23:06:04,692 [Worker-217: Building] WARN  o.e.m.c.i.embedder.EclipseLogger - Using platform encoding (Cp1252 actually) to copy filtered resources, i.e. build is platform dependent!
2020-01-30 23:06:04,856 [Worker-217: Building] INFO  o.e.m.c.i.embedder.EclipseLogger - skip non existing resourceDirectory C:\Users\eatan\Desktop\Biz School\YEAR 2 SPRING 2020\Java II\Eclipse-Files\employee\src\main\resources
2020-01-30 23:06:04,857 [Worker-217: Building] WARN  o.e.m.c.i.embedder.EclipseLogger - Using platform encoding (Cp1252 actually) to copy filtered resources, i.e. build is platform dependent!
2020-01-30 23:06:04,863 [Worker-217: Building] INFO  o.e.m.c.i.embedder.EclipseLogger - skip non existing resourceDirectory C:\Users\eatan\Desktop\Biz School\YEAR 2 SPRING 2020\Java II\Eclipse-Files\employee\src\test\resources
2020-01-30 23:06:18,850 [Worker-217: Building] WARN  o.e.m.c.i.embedder.EclipseLogger - Using platform encoding (Cp1252 actually) to copy filtered resources, i.e. build is platform dependent!
2020-01-30 23:06:18,856 [Worker-217: Building] INFO  o.e.m.c.i.embedder.EclipseLogger - skip non existing resourceDirectory C:\Users\eatan\Desktop\Biz School\YEAR 2 SPRING 2020\Java II\Eclipse-Files\employee\src\main\resources
2020-01-30 23:06:18,857 [Worker-217: Building] WARN  o.e.m.c.i.embedder.EclipseLogger - Using platform encoding (Cp1252 actually) to copy filtered resources, i.e. build is platform dependent!
2020-01-30 23:06:18,864 [Worker-217: Building] INFO  o.e.m.c.i.embedder.EclipseLogger - skip non existing resourceDirectory C:\Users\eatan\Desktop\Biz School\YEAR 2 SPRING 2020\Java II\Eclipse-Files\employee\src\test\resources
2020-01-30 23:06:26,140 [Worker-224: Building] WARN  o.e.m.c.i.embedder.EclipseLogger - Using platform encoding (Cp1252 actually) to copy filtered resources, i.e. build is platform dependent!
2020-01-30 23:06:26,150 [Worker-224: Building] INFO  o.e.m.c.i.embedder.EclipseLogger - skip non existing resourceDirectory C:\Users\eatan\Desktop\Biz School\YEAR 2 SPRING 2020\Java II\Eclipse-Files\employee\src\main\resources
2020-01-30 23:06:26,151 [Worker-224: Building] WARN  o.e.m.c.i.embedder.EclipseLogger - Using platform encoding (Cp1252 actually) to copy filtered resources, i.e. build is platform dependent!
2020-01-30 23:06:26,195 [Worker-224: Building] INFO  o.e.m.c.i.embedder.EclipseLogger - skip non existing resourceDirectory C:\Users\eatan\Desktop\Biz School\YEAR 2 SPRING 2020\Java II\Eclipse-Files\employee\src\test\resources
2020-01-30 23:06:52,095 [Worker-230: Building] WARN  o.e.m.c.i.embedder.EclipseLogger - Using platform encoding (Cp1252 actually) to copy filtered resources, i.e. build is platform dependent!
2020-01-30 23:06:52,101 [Worker-230: Building] INFO  o.e.m.c.i.embedder.EclipseLogger - skip non existing resourceDirectory C:\Users\eatan\Desktop\Biz School\YEAR 2 SPRING 2020\Java II\Eclipse-Files\employee\src\main\resources
2020-01-30 23:06:52,102 [Worker-230: Building] WARN  o.e.m.c.i.embedder.EclipseLogger - Using platform encoding (Cp1252 actually) to copy filtered resources, i.e. build is platform dependent!
2020-01-30 23:06:52,109 [Worker-230: Building] INFO  o.e.m.c.i.embedder.EclipseLogger - skip non existing resourceDirectory C:\Users\eatan\Desktop\Biz School\YEAR 2 SPRING 2020\Java II\Eclipse-Files\employee\src\test\resources
2020-01-30 23:11:23,373 [Worker-229: Building] WARN  o.e.m.c.i.embedder.EclipseLogger - Using platform encoding (Cp1252 actually) to copy filtered resources, i.e. build is platform dependent!
2020-01-30 23:11:23,454 [Worker-229: Building] INFO  o.e.m.c.i.embedder.EclipseLogger - skip non existing resourceDirectory C:\Users\eatan\Desktop\Biz School\YEAR 2 SPRING 2020\Java II\Eclipse-Files\employee\src\main\resources
2020-01-30 23:11:23,455 [Worker-229: Building] WARN  o.e.m.c.i.embedder.EclipseLogger - Using platform encoding (Cp1252 actually) to copy filtered resources, i.e. build is platform dependent!
2020-01-30 23:11:23,517 [Worker-229: Building] INFO  o.e.m.c.i.embedder.EclipseLogger - skip non existing resourceDirectory C:\Users\eatan\Desktop\Biz School\YEAR 2 SPRING 2020\Java II\Eclipse-Files\employee\src\test\resources
2020-01-30 23:20:49,473 [Worker-224: Building] WARN  o.e.m.c.i.embedder.EclipseLogger - Using platform encoding (Cp1252 actually) to copy filtered resources, i.e. build is platform dependent!
2020-01-30 23:20:50,743 [Worker-224: Building] INFO  o.e.m.c.i.embedder.EclipseLogger - skip non existing resourceDirectory C:\Users\eatan\Desktop\Biz School\YEAR 2 SPRING 2020\Java II\Eclipse-Files\employee\src\main\resources
2020-01-30 23:20:50,745 [Worker-224: Building] WARN  o.e.m.c.i.embedder.EclipseLogger - Using platform encoding (Cp1252 actually) to copy filtered resources, i.e. build is platform dependent!
2020-01-30 23:20:50,773 [Worker-224: Building] INFO  o.e.m.c.i.embedder.EclipseLogger - skip non existing resourceDirectory C:\Users\eatan\Desktop\Biz School\YEAR 2 SPRING 2020\Java II\Eclipse-Files\employee\src\test\resources
2020-01-30 23:21:36,010 [Worker-232: Building] WARN  o.e.m.c.i.embedder.EclipseLogger - Using platform encoding (Cp1252 actually) to copy filtered resources, i.e. build is platform dependent!
2020-01-30 23:21:36,020 [Worker-232: Building] INFO  o.e.m.c.i.embedder.EclipseLogger - skip non existing resourceDirectory C:\Users\eatan\Desktop\Biz School\YEAR 2 SPRING 2020\Java II\Eclipse-Files\employee\src\main\resources
2020-01-30 23:21:36,021 [Worker-232: Building] WARN  o.e.m.c.i.embedder.EclipseLogger - Using platform encoding (Cp1252 actually) to copy filtered resources, i.e. build is platform dependent!
2020-01-30 23:21:36,031 [Worker-232: Building] INFO  o.e.m.c.i.embedder.EclipseLogger - skip non existing resourceDirectory C:\Users\eatan\Desktop\Biz School\YEAR 2 SPRING 2020\Java II\Eclipse-Files\employee\src\test\resources
2020-01-30 23:23:54,635 [Worker-232: Building] WARN  o.e.m.c.i.embedder.EclipseLogger - Using platform encoding (Cp1252 actually) to copy filtered resources, i.e. build is platform dependent!
2020-01-30 23:23:54,641 [Worker-232: Building] INFO  o.e.m.c.i.embedder.EclipseLogger - skip non existing resourceDirectory C:\Users\eatan\Desktop\Biz School\YEAR 2 SPRING 2020\Java II\Eclipse-Files\employee\src\main\resources
2020-01-30 23:23:54,644 [Worker-232: Building] WARN  o.e.m.c.i.embedder.EclipseLogger - Using platform encoding (Cp1252 actually) to copy filtered resources, i.e. build is platform dependent!
2020-01-30 23:23:54,651 [Worker-232: Building] INFO  o.e.m.c.i.embedder.EclipseLogger - skip non existing resourceDirectory C:\Users\eatan\Desktop\Biz School\YEAR 2 SPRING 2020\Java II\Eclipse-Files\employee\src\test\resources
2020-01-30 23:25:12,503 [Worker-233: Launching TestRunner (1)] WARN  o.e.m.c.i.embedder.EclipseLogger - Using platform encoding (Cp1252 actually) to copy filtered resources, i.e. build is platform dependent!
2020-01-30 23:25:12,509 [Worker-233: Launching TestRunner (1)] INFO  o.e.m.c.i.embedder.EclipseLogger - skip non existing resourceDirectory C:\Users\eatan\Desktop\Biz School\YEAR 2 SPRING 2020\Java II\Eclipse-Files\employee\src\main\resources
2020-01-30 23:25:12,510 [Worker-233: Launching TestRunner (1)] WARN  o.e.m.c.i.embedder.EclipseLogger - Using platform encoding (Cp1252 actually) to copy filtered resources, i.e. build is platform dependent!
2020-01-30 23:25:12,517 [Worker-233: Launching TestRunner (1)] INFO  o.e.m.c.i.embedder.EclipseLogger - skip non existing resourceDirectory C:\Users\eatan\Desktop\Biz School\YEAR 2 SPRING 2020\Java II\Eclipse-Files\employee\src\test\resources
2020-01-30 23:36:10,451 [Worker-235: Launching TestRunner (1)] WARN  o.e.m.c.i.embedder.EclipseLogger - Using platform encoding (Cp1252 actually) to copy filtered resources, i.e. build is platform dependent!
2020-01-30 23:36:10,457 [Worker-235: Launching TestRunner (1)] INFO  o.e.m.c.i.embedder.EclipseLogger - skip non existing resourceDirectory C:\Users\eatan\Desktop\Biz School\YEAR 2 SPRING 2020\Java II\Eclipse-Files\employee\src\main\resources
2020-01-30 23:36:10,458 [Worker-235: Launching TestRunner (1)] WARN  o.e.m.c.i.embedder.EclipseLogger - Using platform encoding (Cp1252 actually) to copy filtered resources, i.e. build is platform dependent!
2020-01-30 23:36:10,464 [Worker-235: Launching TestRunner (1)] INFO  o.e.m.c.i.embedder.EclipseLogger - skip non existing resourceDirectory C:\Users\eatan\Desktop\Biz School\YEAR 2 SPRING 2020\Java II\Eclipse-Files\employee\src\test\resources
2020-01-30 23:37:11,693 [Worker-233: Launching TestEmployeeLogic] WARN  o.e.m.c.i.embedder.EclipseLogger - Using platform encoding (Cp1252 actually) to copy filtered resources, i.e. build is platform dependent!
2020-01-30 23:37:11,701 [Worker-233: Launching TestEmployeeLogic] INFO  o.e.m.c.i.embedder.EclipseLogger - skip non existing resourceDirectory C:\Users\eatan\Desktop\Biz School\YEAR 2 SPRING 2020\Java II\Eclipse-Files\employee\src\main\resources
2020-01-30 23:37:11,702 [Worker-233: Launching TestEmployeeLogic] WARN  o.e.m.c.i.embedder.EclipseLogger - Using platform encoding (Cp1252 actually) to copy filtered resources, i.e. build is platform dependent!
2020-01-30 23:37:11,708 [Worker-233: Launching TestEmployeeLogic] INFO  o.e.m.c.i.embedder.EclipseLogger - skip non existing resourceDirectory C:\Users\eatan\Desktop\Biz School\YEAR 2 SPRING 2020\Java II\Eclipse-Files\employee\src\test\resources
2020-01-30 23:37:31,769 [Worker-224: Launching TestEmployeeLogic] WARN  o.e.m.c.i.embedder.EclipseLogger - Using platform encoding (Cp1252 actually) to copy filtered resources, i.e. build is platform dependent!
2020-01-30 23:37:31,776 [Worker-224: Launching TestEmployeeLogic] INFO  o.e.m.c.i.embedder.EclipseLogger - skip non existing resourceDirectory C:\Users\eatan\Desktop\Biz School\YEAR 2 SPRING 2020\Java II\Eclipse-Files\employee\src\main\resources
2020-01-30 23:37:31,776 [Worker-224: Launching TestEmployeeLogic] WARN  o.e.m.c.i.embedder.EclipseLogger - Using platform encoding (Cp1252 actually) to copy filtered resources, i.e. build is platform dependent!
2020-01-30 23:37:31,782 [Worker-224: Launching TestEmployeeLogic] INFO  o.e.m.c.i.embedder.EclipseLogger - skip non existing resourceDirectory C:\Users\eatan\Desktop\Biz School\YEAR 2 SPRING 2020\Java II\Eclipse-Files\employee\src\test\resources
2020-01-30 23:38:16,199 [Worker-229: Launching TestEmployeeLogic] WARN  o.e.m.c.i.embedder.EclipseLogger - Using platform encoding (Cp1252 actually) to copy filtered resources, i.e. build is platform dependent!
2020-01-30 23:38:16,206 [Worker-229: Launching TestEmployeeLogic] INFO  o.e.m.c.i.embedder.EclipseLogger - skip non existing resourceDirectory C:\Users\eatan\Desktop\Biz School\YEAR 2 SPRING 2020\Java II\Eclipse-Files\employee\src\main\resources
2020-01-30 23:38:16,208 [Worker-229: Launching TestEmployeeLogic] WARN  o.e.m.c.i.embedder.EclipseLogger - Using platform encoding (Cp1252 actually) to copy filtered resources, i.e. build is platform dependent!
2020-01-30 23:38:16,214 [Worker-229: Launching TestEmployeeLogic] INFO  o.e.m.c.i.embedder.EclipseLogger - skip non existing resourceDirectory C:\Users\eatan\Desktop\Biz School\YEAR 2 SPRING 2020\Java II\Eclipse-Files\employee\src\test\resources
2020-01-30 23:43:56,195 [Worker-237: Launching TestEmployeeLogic] WARN  o.e.m.c.i.embedder.EclipseLogger - Using platform encoding (Cp1252 actually) to copy filtered resources, i.e. build is platform dependent!
2020-01-30 23:43:56,202 [Worker-237: Launching TestEmployeeLogic] INFO  o.e.m.c.i.embedder.EclipseLogger - skip non existing resourceDirectory C:\Users\eatan\Desktop\Biz School\YEAR 2 SPRING 2020\Java II\Eclipse-Files\employee\src\main\resources
2020-01-30 23:43:56,203 [Worker-237: Launching TestEmployeeLogic] WARN  o.e.m.c.i.embedder.EclipseLogger - Using platform encoding (Cp1252 actually) to copy filtered resources, i.e. build is platform dependent!
2020-01-30 23:43:56,210 [Worker-237: Launching TestEmployeeLogic] INFO  o.e.m.c.i.embedder.EclipseLogger - skip non existing resourceDirectory C:\Users\eatan\Desktop\Biz School\YEAR 2 SPRING 2020\Java II\Eclipse-Files\employee\src\test\resources
2020-01-30 23:44:29,252 [Worker-236: Launching TestEmployeeLogic] WARN  o.e.m.c.i.embedder.EclipseLogger - Using platform encoding (Cp1252 actually) to copy filtered resources, i.e. build is platform dependent!
2020-01-30 23:44:29,260 [Worker-236: Launching TestEmployeeLogic] INFO  o.e.m.c.i.embedder.EclipseLogger - skip non existing resourceDirectory C:\Users\eatan\Desktop\Biz School\YEAR 2 SPRING 2020\Java II\Eclipse-Files\employee\src\main\resources
2020-01-30 23:44:29,261 [Worker-236: Launching TestEmployeeLogic] WARN  o.e.m.c.i.embedder.EclipseLogger - Using platform encoding (Cp1252 actually) to copy filtered resources, i.e. build is platform dependent!
2020-01-30 23:44:29,268 [Worker-236: Launching TestEmployeeLogic] INFO  o.e.m.c.i.embedder.EclipseLogger - skip non existing resourceDirectory C:\Users\eatan\Desktop\Biz School\YEAR 2 SPRING 2020\Java II\Eclipse-Files\employee\src\test\resources
